<?xml version="1.0" encoding="UTF-8"?>
<!-- Generated by org.testng.reporters.JUnitReportReporter -->
<testsuite hostname="Wilfy_Ausus" failures="0" tests="1" name="TestCase.openAccount" time="0.975" errors="0" timestamp="23 Feb 2024 06:34:34 GMT" skipped="0">
  <testcase classname="TestCase.openAccount" name="openaccounts" time="0.975"/>
</testsuite> <!-- TestCase.openAccount -->
